{
  "RSpec": {
    "coverage": {
      "/Users/jennie/Dropbox/Ada/AdaInterns/spec/controllers/companies_controller_spec.rb": [
        1,
        null,
        1,
        null,
        null
      ],
      "/Users/jennie/Dropbox/Ada/AdaInterns/spec/rails_helper.rb": [
        null,
        1,
        1,
        null,
        1,
        1,
        1,
        null,
        null,
        null,
        null,
        null,
        null,
        null,
        null,
        null,
        null,
        null,
        null,
        null,
        null,
        null,
        null,
        null,
        null,
        null,
        1,
        null,
        1,
        null,
        1,
        null,
        null,
        null,
        null,
        1,
        null,
        null,
        null,
        null,
        null,
        null,
        null,
        null,
        null,
        null,
        null,
        null,
        null,
        null,
        1,
        null,
        null,
        1,
        null,
        null,
        null
      ],
      "/Users/jennie/Dropbox/Ada/AdaInterns/config/environment.rb": [
        null,
        1,
        null,
        null,
        1
      ],
      "/Users/jennie/Dropbox/Ada/AdaInterns/config/application.rb": [
        1,
        null,
        1,
        null,
        1,
        1,
        1,
        1,
        1,
        1,
        1,
        null,
        null,
        null,
        null,
        1,
        null,
        1,
        1,
        null,
        null,
        null,
        null,
        null,
        null,
        null,
        null,
        null,
        null,
        null,
        null,
        null,
        1,
        null,
        null
      ],
      "/Users/jennie/Dropbox/Ada/AdaInterns/config/boot.rb": [
        1,
        null,
        1
      ],
      "/Users/jennie/Dropbox/Ada/AdaInterns/config/environments/test.rb": [
        1,
        null,
        null,
        null,
        null,
        null,
        null,
        1,
        null,
        null,
        null,
        null,
        1,
        null,
        null,
        1,
        1,
        null,
        null,
        1,
        1,
        null,
        null,
        1,
        null,
        null,
        1,
        null,
        null,
        null,
        null,
        1,
        null,
        null,
        1,
        null,
        null,
        1,
        null,
        null,
        null,
        null
      ],
      "/Users/jennie/Dropbox/Ada/AdaInterns/config/initializers/assets.rb": [
        null,
        null,
        null,
        1,
        null,
        null,
        null,
        null,
        null,
        null,
        null,
        null,
        null,
        null,
        null,
        null
      ],
      "/Users/jennie/Dropbox/Ada/AdaInterns/config/initializers/backtrace_silencers.rb": [
        null,
        null,
        null,
        null,
        null,
        null,
        null
      ],
      "/Users/jennie/Dropbox/Ada/AdaInterns/config/initializers/cookies_serializer.rb": [
        null,
        null,
        1
      ],
      "/Users/jennie/Dropbox/Ada/AdaInterns/config/initializers/filter_parameter_logging.rb": [
        null,
        null,
        null,
        1
      ],
      "/Users/jennie/Dropbox/Ada/AdaInterns/config/initializers/inflections.rb": [
        null,
        null,
        null,
        null,
        null,
        null,
        null,
        null,
        null,
        null,
        null,
        null,
        null,
        null,
        null,
        null
      ],
      "/Users/jennie/Dropbox/Ada/AdaInterns/config/initializers/mime_types.rb": [
        null,
        null,
        null,
        null
      ],
      "/Users/jennie/Dropbox/Ada/AdaInterns/config/initializers/session_store.rb": [
        null,
        null,
        1
      ],
      "/Users/jennie/Dropbox/Ada/AdaInterns/config/initializers/wrap_parameters.rb": [
        null,
        null,
        null,
        null,
        null,
        null,
        1,
        1,
        null,
        null,
        null,
        null,
        null,
        null
      ],
      "/Users/jennie/Dropbox/Ada/AdaInterns/config/routes.rb": [
        1,
        null,
        1,
        null,
        1,
        1,
        1,
        1,
        1,
        1,
        null,
        null,
        1,
        null,
        1,
        1,
        1,
        null,
        null,
        null,
        null,
        null,
        null,
        null,
        null,
        null,
        null,
        null,
        null,
        null,
        null,
        null,
        null,
        null,
        null,
        null,
        null,
        null,
        null,
        null,
        null,
        null,
        null,
        null,
        null,
        null,
        null,
        null,
        null,
        null,
        null,
        null,
        null,
        null,
        null,
        null,
        null,
        null,
        null,
        null,
        null,
        null,
        null,
        null,
        null,
        null,
        null,
        null,
        null,
        null,
        null,
        null,
        null,
        null
      ],
      "/Users/jennie/Dropbox/Ada/AdaInterns/app/helpers/application_helper.rb": [
        1,
        null
      ],
      "/Users/jennie/Dropbox/Ada/AdaInterns/app/helpers/companies_helper.rb": [
        1,
        null
      ],
      "/Users/jennie/Dropbox/Ada/AdaInterns/app/helpers/employees_helper.rb": [
        1,
        null
      ],
      "/Users/jennie/Dropbox/Ada/AdaInterns/app/helpers/interns_helper.rb": [
        1,
        null
      ],
      "/Users/jennie/Dropbox/Ada/AdaInterns/app/helpers/sessions_helper.rb": [
        1,
        null,
        null,
        1,
        0,
        null,
        null,
        null,
        1,
        0,
        0,
        0,
        0,
        0,
        0,
        0,
        null,
        null,
        null,
        null,
        null,
        1,
        0,
        0,
        0,
        null,
        null,
        null,
        1,
        0,
        0,
        0,
        null,
        null,
        null,
        1,
        0,
        null,
        null,
        null,
        1,
        0,
        0,
        0,
        null,
        null,
        null
      ],
      "/Users/jennie/Dropbox/Ada/AdaInterns/app/helpers/static_pages_helper.rb": [
        1,
        null
      ],
      "/Users/jennie/Dropbox/Ada/AdaInterns/app/controllers/companies_controller.rb": [
        1,
        1,
        null,
        1,
        null,
        null,
        null,
        null,
        null,
        null,
        0,
        0,
        0,
        0,
        null,
        0,
        0,
        0,
        null,
        null,
        null,
        1,
        0,
        0,
        0,
        null,
        null,
        1,
        0,
        null,
        null,
        1,
        null,
        null,
        1,
        0,
        0,
        null,
        null,
        1,
        0,
        0,
        null,
        null,
        1,
        0,
        0,
        null,
        null,
        1,
        0,
        0,
        0,
        0,
        0,
        null,
        null,
        null,
        null,
        null,
        1,
        1,
        0,
        null,
        null,
        1,
        0,
        null,
        null,
        null
      ],
      "/Users/jennie/Dropbox/Ada/AdaInterns/app/controllers/application_controller.rb": [
        1,
        null,
        null,
        1,
        1,
        null
      ],
      "/Users/jennie/Dropbox/Ada/AdaInterns/spec/controllers/employees_controller_spec.rb": [
        1,
        null,
        1,
        null,
        null
      ],
      "/Users/jennie/Dropbox/Ada/AdaInterns/app/controllers/employees_controller.rb": [
        1,
        1,
        null,
        1,
        0,
        0,
        null,
        null,
        1,
        0,
        null,
        null,
        1,
        null,
        null,
        1,
        0,
        0,
        null,
        null,
        1,
        0,
        0,
        null,
        null,
        null,
        1,
        1,
        0,
        null,
        null,
        1,
        0,
        null,
        null
      ],
      "/Users/jennie/Dropbox/Ada/AdaInterns/spec/controllers/interns_controller_spec.rb": [
        1,
        null,
        1,
        null,
        null
      ],
      "/Users/jennie/Dropbox/Ada/AdaInterns/app/controllers/interns_controller.rb": [
        1,
        1,
        null,
        1,
        0,
        null,
        null,
        1,
        null,
        null,
        1,
        null,
        null,
        1,
        0,
        null,
        null,
        1,
        0,
        0,
        null,
        null,
        1,
        0,
        0,
        null,
        null,
        1,
        0,
        0,
        null,
        null,
        1,
        1,
        0,
        null,
        null,
        1,
        0,
        null,
        null
      ],
      "/Users/jennie/Dropbox/Ada/AdaInterns/spec/controllers/sessions_controller_spec.rb": [
        1,
        null,
        1,
        null,
        null
      ],
      "/Users/jennie/Dropbox/Ada/AdaInterns/app/controllers/sessions_controller.rb": [
        1,
        1,
        null,
        null,
        1,
        0,
        0,
        null,
        null,
        null,
        0,
        0,
        0,
        null,
        null,
        0,
        null,
        null,
        0,
        0,
        null,
        null,
        null,
        1,
        0,
        0,
        null,
        null,
        null
      ],
      "/Users/jennie/Dropbox/Ada/AdaInterns/spec/controllers/static_pages_controller_spec.rb": [
        1,
        null,
        1,
        null,
        null
      ],
      "/Users/jennie/Dropbox/Ada/AdaInterns/app/controllers/static_pages_controller.rb": [
        1,
        1,
        null,
        null,
        1,
        0,
        0,
        0,
        null,
        null
      ],
      "/Users/jennie/Dropbox/Ada/AdaInterns/spec/models/company_spec.rb": [
        1,
        null,
        1,
        1,
        null
      ],
      "/Users/jennie/Dropbox/Ada/AdaInterns/app/models/company.rb": [
        1,
        null,
        1,
        1,
        1,
        1,
        null,
        null,
        null,
        null,
        1,
        null,
        null,
        null,
        null,
        null,
        null,
        null,
        1,
        0,
        null,
        0,
        null,
        null,
        0,
        0,
        null,
        null,
        null,
        null,
        0,
        0,
        null,
        0,
        null,
        null,
        null,
        0,
        null,
        0,
        null,
        null,
        null,
        1,
        null,
        0,
        0,
        null,
        0,
        null,
        null,
        0,
        null,
        null,
        null,
        1,
        null,
        1,
        null,
        0,
        null,
        null,
        null,
        null,
        null,
        null,
        null,
        null,
        1,
        0,
        0,
        null,
        null,
        null,
        1,
        0,
        0,
        0,
        null,
        0,
        0,
        null,
        null,
        null,
        1,
        0,
        0,
        0,
        0,
        null,
        null
      ],
      "/Users/jennie/Dropbox/Ada/AdaInterns/spec/models/employee_spec.rb": [
        1,
        null,
        1,
        1,
        null
      ],
      "/Users/jennie/Dropbox/Ada/AdaInterns/app/models/employee.rb": [
        1,
        1,
        1,
        1,
        1,
        1,
        null,
        1,
        0,
        null,
        null,
        1,
        0,
        null,
        null,
        1,
        0,
        null,
        null,
        1,
        0,
        null,
        null,
        1,
        0,
        null,
        null,
        1,
        0,
        null,
        null
      ],
      "/Users/jennie/Dropbox/Ada/AdaInterns/spec/models/intern_spec.rb": [
        1,
        null,
        1,
        1,
        null
      ],
      "/Users/jennie/Dropbox/Ada/AdaInterns/app/models/intern.rb": [
        1,
        1,
        null,
        1,
        1,
        1,
        1,
        1,
        1,
        1,
        null,
        null,
        1,
        1,
        null,
        1,
        null,
        null,
        null,
        1,
        0,
        null,
        0,
        null,
        null,
        null,
        1,
        0,
        null,
        null,
        null,
        1,
        0,
        0,
        null,
        null,
        null,
        1,
        0,
        null,
        null,
        null,
        1,
        0,
        0,
        null,
        null,
        1,
        0,
        null,
        null,
        1,
        0,
        null,
        null,
        1,
        0,
        null,
        null,
        1,
        0,
        null,
        null,
        1,
        0,
        null,
        null,
        1,
        0,
        null,
        null,
        1,
        0,
        null,
        null,
        null
      ]
    },
    "timestamp": 1450892479
  }
}
